Unity Player [version: Unity 5.5.0f3_38b4efef76f0]

SimAirport.exe caused an Access Violation (0xc0000005)
  in module SimAirport.exe at 0023:00cbb2c8.

Error occurred at 2017-04-05_020950.
F:\Steam Games\steamapps\common\SimAirport\SimAirport.exe, run by mbaeg.
87% memory in use.
0 MB physical memory [1021 MB free].
0 MB paging file [0 MB free].
0 MB user address space [1794 MB free].
Read from location 00000020 caused an access violation.

Context:
EDI:    0x5f63b0f8  ESI: 0x00000000  EAX:   0x00000000
EBX:    0x00e7f900  ECX: 0x5f63b6f8  EDX:   0x5f63b1f8
EIP:    0x00cbb2c8  EBP: 0x0891e864  SegCs: 0x00000023
EFlags: 0x00010202  ESP: 0x0891e83c  SegSs: 0x0000002b

Bytes at CS:EIP:
8b 48 20 8b 50 08 8b 58 10 8b 40 18 89 4d f8 8b 

Stack:
0x0891e83c: 00e7f900 3f336350 3f333840 0891e8a8 ....Pc3?@83?....
0x0891e84c: 0b0e0820 0baada80 04a7af90 0891e874  ...........t...
0x0891e85c: 00ce7586 5f63b6f8 0891e894 00ce7787 .u....c_.....w..
0x0891e86c: 5f63b1f8 00000000 3f333840 04a7af90 ..c_....@83?....
0x0891e87c: 3f336350 04a7af90 00000000 3f336350 Pc3?........Pc3?
0x0891e88c: 5f63b040 04a7af90 0891e8b8 00ce6e06 @.c_.........n..
0x0891e89c: 3f333840 0000006a 00000001 0572ed54 @83?j.......T.r.
0x0891e8ac: 3f336350 04a7af90 00000001 0891e8f0 Pc3?............
0x0891e8bc: 00ce7af9 3f336350 00333840 00000068 .z..Pc3?@83.h...
0x0891e8cc: 00000001 00000001 0572ed54 404b3c50 ........T.r.P<K@
0x0891e8dc: 0741dcc0 00000000 3f336350 00000068 ..A.....Pc3?h...
0x0891e8ec: 00000002 0891e908 00ce670c 3f336350 .........g..Pc3?
0x0891e8fc: 0000006a 00000000 404b3c40 0891e92c j.......@<K@,...
0x0891e90c: 00dc5d84 404b3c50 0000002f 04fb9430 .]..P<K@/...0...
0x0891e91c: 0126fdd1 00000240 00cbb260 04fb9430 ..&.@...`...0...
0x0891e92c: 0891f7c4 0126fac6 0572dc20 00000007 ......&. .r.....
0x0891e93c: 0000002f 04fb9430 04aa3501 0891ea38 /...0....5..8...
0x0891e94c: 000007a0 00151e38 f46857d4 00000010 ....8....Wh.....
0x0891e95c: 77347810 0891ea01 0891ea80 00151738 .x4w........8...
0x0891e96c: 00000000 0101e9d0 0000017c 00151e38 ........|...8...
0x0891e97c: f46857d4 000000ec 00000002 0891ea01 .Wh.............
0x0891e98c: 9f6e6a84 0891ea0c 77331dba 0891ea80 .jn.......3w....
0x0891e99c: 0891ea38 0891e9f8 0891e9f4 77331efc 8.............3w
0x0891e9ac: 00000000 00000000 0891eaf4 77331e40 ............@.3w
0x0891e9bc: 77331dba 0891eaa8 00000000 00000000 ..3w............
0x0891e9cc: 00000000 00151738 000007a0 00000000 ....8...........
0x0891e9dc: 00000018 00000003 00000000 00000002 ................
0x0891e9ec: 00000003 00000002 f46857d4 00000001 .........Wh.....
0x0891e9fc: 00301000 002da000 9f6e6aa8 00000003 ..0...-..jn.....
0x0891ea0c: 0891eacc 773318b5 00000003 00000000 ......3w........
0x0891ea1c: 00000002 0891ea80 0891ea38 00000000 ........8.......
0x0891ea2c: 00000000 77331913 0891eaf4 00000040 ......3w....@...
0x0891ea3c: 00000000 00000000 00000000 00000000 ................
0x0891ea4c: 00000000 00000000 00000000 00000000 ................
0x0891ea5c: 00000000 00000000 00000000 00000000 ................
0x0891ea6c: 00000000 00000000 00000000 0891eb20 ............ ...
0x0891ea7c: 00000000 00140012 0891eb98 00000000 ................
0x0891ea8c: 00000000 00000000 00000000 0891eb24 ............$...
0x0891ea9c: 00000000 0891eb30 0091eb50 00020000 ....0...P.......
0x0891eaac: 0891eac0 0891eac0 0891eac0 00000002 ................
0x0891eabc: 00000002 00000000 9f6e69d8 019ef7c0 .........in.....
0x0891eacc: 00000001 00000000 00000000 00000008 ................
0x0891eadc: 00000008 0000000a 0000000a 0792ff2c ............,...
0x0891eaec: 00000001 0000000a 8000000a 0792ff54 ............T...
0x0891eafc: 00000001 0000000a 8000000a 0792ff7c ............|...
0x0891eb0c: 00000001 000000c0 800000c0 00000000 ................
0x0891eb1c: 00000000 00000001 00000001 00800000 ................
0x0891eb2c: 0891ebb8 0100000a 0891f058 000a0008 ........X.......
0x0891eb3c: 772f7d18 0891ebb4 00160b78 00160b4c .}/w....x...L...
0x0891eb4c: 00160b78 00200000 0891eb98 0891eb98 x..... .........
0x0891eb5c: 0891eb98 00000020 00000020 0891ebc4 .... ... .......
0x0891eb6c: 00000000 00000000 00000000 00000000 ................
0x0891eb7c: 00000000 00000000 00000000 00000000 ................
0x0891eb8c: 00000000 00000000 00000000 00540000 ..............T.
0x0891eb9c: 004c0044 002e004c 004c0044 0000004c D.L.L...D.L.L...
0x0891ebac: 0000000a 0101ec10 0000017c 00000000 ........|.......
0x0891ebbc: 00000000 000000ec 00000002 002e004c ............L...
0x0891ebcc: 9f6e68c4 0891ec4c 77331dba 0891ecc0 .hn.L.....3w....
0x0891ebdc: 0891ec78 0891ec38 0891ec34 77331efc x...8...4.....3w
0x0891ebec: 00000000 00000000 0891ed34 77331e40 ........4...@.3w
0x0891ebfc: 0891ec98 0891ec58 00000000 00000000 ....X...........
0x0891ec0c: 00000000 00151738 000007a0 00000000 ....8...........
0x0891ec1c: 00000018 00000003 00000000 00000002 ................
0x0891ec2c: 00000003 9f6e6f74 0891ef48 0891f050 ....ton.H...P...
0x0891ec3c: 0891ef40 002da000 00000000 0891ec30 @.....-.....0...
0x0891ec4c: 0891eef0 0891f168 773667b0 e0c1018c ....h....g6w....
0x0891ec5c: fffffffe 0891eef0 77333db5 0891f7c8 .........=3w....
0x0891ec6c: 7734f3fa 0891ef34 006b42d0 77333dca ..4w4....Bk..=3w
0x0891ec7c: 0891ef48 00000000 00000000 00000000 H...............
0x0891ec8c: 772fbd00 772f0000 00183000 00000047 ../w../w.0..G...
0x0891ec9c: 77372d90 0891edd8 00000004 00082d90 .-7w.........-..
0x0891ecac: 00000000 00000000 00000000 00000000 ................
0x0891ecbc: 00000000 77372d72 0891ed88 0891f114 ....r-7w........
0x0891eccc: 0891edd8 0891ed34 0891f114 77372dc0 ....4........-7w
0x0891ecdc: 0891f114 0891f0b0 77372d44 0891ed88 ........D-7w....
0x0891ecec: 0891f114 0891edd8 0891ed34 77372d90 ........4....-7w
0x0891ecfc: 0891f7c8 0891ed88 0891f114 7734f0e2 ..............4w
0x0891ed0c: 0891ed88 7735ea0c 7734f110 0891edd8 ......5w..4w....
0x0891ed1c: 00000000 01b56638 00000000 0891f7c8 ....8f..........
0x0891ed2c: 0891e000 08920000 001a0018 68be8800 ...............h
0x0891ed3c: 00000000 0891f180 00000000 00000000 ................
0x0891ed4c: 00000000 01000000 00000000 00000000 ................
0x0891ed5c: 00000000 00000010 00000000 00800000 ................
0x0891ed6c: 0891edf8 00200000 00000000 00000000 ...... .........
0x0891ed7c: 00000000 00000010 00000000 c0000027 ............'...
0x0891ed8c: 00000002 00000000 012f3fa8 00000000 .........?/.....
0x0891ed9c: 0891edd8 00000020 00000020 00000000 .... ... .......
0x0891edac: 00000000 00000000 00000000 00000000 ................
0x0891edbc: 00000000 00000000 00000000 00000000 ................
0x0891edcc: 00000000 00000000 00000000 00010007 ................
0x0891eddc: 00000000 00000000 00000000 00000000 ................
0x0891edec: 00000000 f46857d4 c0000225 00000000 .....Wh.%.......
0x0891edfc: 00000000 00000000 00000000 00000000 ................
0x0891ee0c: 00000000 006b42d0 00000000 00000000 .....Bk.........
0x0891ee1c: 00000000 00000000 006b3e58 00000000 ........X>k.....
0x0891ee2c: 006b3e58 6e9dcbe0 0891ee6c 00000000 X>k....nl.......
0x0891ee3c: 0891ee6c 77330788 774004e4 0891f1a0 l.....3w..@w....
0x0891ee4c: 7734b071 006b42d0 00000000 00000000 q.4w.Bk.........
0x0891ee5c: 0891ee78 7732d24f 7740002b 08910053 x...O.2w+.@wS...
0x0891ee6c: 0000002b c000002b 00000000 00000000 +...+...........
0x0891ee7c: 00000000 00000000 00000000 00000000 ................
0x0891ee8c: 0891f0d8 012f3fa8 77330023 00000202 .....?/.#.3w....
0x0891ee9c: 0891f0c8 9f6e002b 0891ef34 006b42d0 ....+.n.4....Bk.
0x0891eeac: 00000001 0000000a 0891ef48 00000000 ........H.......
0x0891eebc: 0891f1b8 00000000 773667b0 0891eea0 .........g6w....
0x0891eecc: fffffffe 0891f168 773667b0 e0c102bc ....h....g6w....
0x0891eedc: fffffffe 773301df 7731adf0 00000020 ......3w..1w ...
0x0891eeec: 9f6e6d98 006b42d0 0891f178 7737214e .mn..Bk.x...N!7w
0x0891eefc: 7731ae4a 9f6e726c 006b42d0 00000000 J.1wlrn..Bk.....
0x0891ef0c: 00000001 00000024 00000001 00000000 ....$...........
0x0891ef1c: 00000000 00000070 ffffffff 3f327e50 ....p.......P~2?
0x0891ef2c: 00000030 04c897f0 00000008 006b42d0 0............Bk.
0x0891ef3c: 0891f1a0 00000020 00000000 04a7f4e0 .... ...........
0x0891ef4c: 00000000 00000000 00000000 00000000 ................
0x0891ef5c: 00000000 00000000 00000000 04a7a790 ................
0x0891ef6c: 00000001 00000000 ffffffff 00000000 ................
0x0891ef7c: 00000000 00000000 00000000 00000000 ................
0x0891ef8c: 00000000 00000000 00000000 5daf617c ............|a.]
0x0891ef9c: 5daf6204 00000000 00000000 00000000 .b.]............
0x0891efac: 00000000 04c8ef90 04c8ed10 00000000 ................
0x0891efbc: 00000000 00000000 00000000 050ae6e0 ................
0x0891efcc: 050b09f0 00000000 00000000 00000000 ................
0x0891efdc: 0b0e0820 0baada80 000000c9 00006ca5  ............l..
0x0891efec: 0000000d 0000000d 07506ca0 00000000 .........lP.....
0x0891effc: 00000000 000000c8 00006ca5 00000001 .........l......
0x0891f00c: 00000020 9f6e7350 00002739 00000001  ...Psn.9'......
0x0891f01c: 00000018 00000007 0000000f 00000000 ................
0x0891f02c: 0b0d4340 0baac8f8 000000bb 00006ca5 @C...........l..
0x0891f03c: e0c1027c fffffffe 0891f070 7732e55a |.......p...Z.2w
0x0891f04c: 00000001 00b60000 00000000 3f26e720 ............ .&?
0x0891f05c: 004061c8 00000144 004061d0 000e6f3c .a@.D....a@.<o..
0x0891f06c: 00cbb260 00409994 01b56000 0891f0d8 `.....@..`......
0x0891f07c: 000000c0 00409900 00619e94 7b512fc4 ......@...a../Q{
0x0891f08c: 003c7514 00000000 0891f7c8 0000429c .u<..........B..
0x0891f09c: 00619f10 0040994c 0063c3f8 0891f250 ..a.L.@...c.P...
0x0891f0ac: 0063c3e8 00409ed4 0040842c 000e6eac ..c...@.,.@..n..
0x0891f0bc: 012f3fb0 fffffffe 00619ee0 004099a8 .?/.......a...@.
0x0891f0cc: 000008cc 00408e00 00000000 000031d4 ......@......1..
0x0891f0dc: 012ec710 0000015c 0891f0fc 00409e48 ....\.......H.@.
0x0891f0ec: 00000000 00000000 0891f200 0042ba5c ............\.B.
0x0891f0fc: 0891f120 77372d72 0891f200 0891f7c8  ...r-7w........
0x0891f10c: 0891f250 00629fac 00619ea4 0042bb98 P.....b...a...B.
0x0891f11c: 00619eb4 0042bb78 00619e9c 0891f200 ..a.x.B...a.....
0x0891f12c: 00409768 0063c3dc 0040976c 012ec668 h.@...c.l.@.h...
0x0891f13c: 00409760 0891f200 0063c42c 7734f28f `.@.....,.c...4w
0x0891f14c: 0063c444 0891f7c8 0063c424 00556f28 D.c.....$.c.(oU.
0x0891f15c: 00619f20 00629fb4 00619f30 0891f200  .a...b.0.a.....
0x0891f16c: 00619f18 0891f250 0891f7c8 0000000d ..a.P...........
0x0891f17c: 0891e000 08920000 00000000 00000000 ................
0x0891f18c: 77371ec1 2608624c 68be881c 77371ee1 ..7wLb.&...h..7w
0x0891f19c: 00217e98 02000002 00217e9c 000e6eb4 .~!......~!..n..
0x0891f1ac: 00217e90 00050005 00217e8c 000e6ecc .~!......~!..n..
0x0891f1bc: 004061fc 000e6f4c 00406200 006b43b8 .a@.Lo...b@..Ck.
0x0891f1cc: 004061f8 69084f2e 004061f4 004035f0 .a@..O.i.a@..5@.
0x0891f1dc: 08398e30 002ec688 9f6e7278 00750f6c 0.9.....xrn.l.u.
0x0891f1ec: 773608ef 0000013c 0891f250 00000154 ..6w<...P...T...
0x0891f1fc: 0891f250 00000150 00000000 0042bb68 P...P.......h.B.
0x0891f20c: 76d3a882 00409dc0 00001000 00409944 ...v..@.....D.@.
0x0891f21c: 0000295c 00000000 0891f774 012e7ce2 \)......t....|..
0x0891f22c: 006a0000 004097c8 00040013 00000000 ..j...@.........
0x0891f23c: 0000000f 00408420 0891f78c 0042b954 .... .@.....T.B.
0x0891f24c: 00040013 00000008 00000000 00000138 ............8...
0x0891f25c: 00000000 00406270 00000000 00000000 ....pb@.........
0x0891f26c: 0000027f 003c74f0 0042baa4 0042bb70 .....t<...B.p.B.
0x0891f27c: 0042baa8 0042bb80 004061d8 00000000 ..B...B..a@.....
0x0891f28c: 004061dc 0042b40c 0042b97c 00409d78 .a@...B.|.B.x.@.
0x0891f29c: 0042b990 0063c3e4 0042b95c 00000000 ..B...c.\.B.....
0x0891f2ac: 0042b97c 00619b44 0042a71c 0063c3f0 |.B.D.a...B...c.
0x0891f2bc: 0042a73c 00619b4c 0042ba80 00409778 <.B.L.a...B.x.@.
0x0891f2cc: 0042baa0 29ec4400 0042ba78 d65bd730 ..B..D.)x.B.0.[.
0x0891f2dc: 0042ba64 00000053 0000002b 00000754 d.B.S...+...T...
0x0891f2ec: 00d85800 000007dc 00409740 000006e4 .X......@.@.....
0x0891f2fc: 00409758 0891f730 003de658 76d3a882 X.@.0...X.=....v
0x0891f30c: 003de65c 00000216 00556fcc 0000002b \.=......oU.+...
0x0891f31c: 00556fd0 00000000 00556fd4 00000000 .oU......oU.....
0x0891f32c: 00556fd8 00000000 00001f80 0000ffff .oU.............
0x0891f33c: 00000000 00000000 00000000 00000000 ................
0x0891f34c: 00000000 00000000 00000000 00000000 ................
0x0891f35c: 00000000 00000000 00000000 00000000 ................
0x0891f36c: 00000000 00000000 00000000 00000000 ................
0x0891f37c: 00000000 00000000 00000000 00000000 ................
0x0891f38c: 00000000 000e6eb8 00000000 00000000 .....n..........
0x0891f39c: 00000000 004061d4 00000000 000e6ebc .....a@......n..
0x0891f3ac: 44000000 884129ec 00003bf6 000e6f40 ...D.)A..;..@o..
0x0891f3bc: 00000000 00000000 00000000 0042bb90 ..............B.
0x0891f3cc: 00000000 00000000 00000000 004099c4 ..............@.
0x0891f3dc: 00000000 00000000 00000000 00000000 ................
0x0891f3ec: 00000000 004035f4 00000000 00408e04 .....5@.......@.
0x0891f3fc: 00000000 002ec68c 00000000 000042a0 .............B..
0x0891f40c: 00000000 00750f70 00000000 000031d8 ....p.u......1..
0x0891f41c: 00000000 00000140 00000000 00000148 ....@.......H...
0x0891f42c: 00000000 00000158 00000000 0000014c ....X.......L...
0x0891f43c: 00000064 00409948 77372f55 0042bb28 d...H.@.U/7w(.B.
0x0891f44c: 0891f454 00409e08 00010007 00409d80 T.....@.......@.
0x0891f45c: 00000000 004098fc 00000000 00409904 ......@.......@.
0x0891f46c: 00000000 00000000 00000000 00000000 ................
0x0891f47c: 00000000 00000000 08440f80 00000024 ..........D.$...
0x0891f48c: 00000001 00000000 00000000 0042ba60 ............`.B.
0x0891f49c: ffffffff 004097d8 77357636 004099a4 ......@.6v5w..@.
0x0891f4ac: 6d418fc0 00000000 00000000 004083fc ..Am..........@.
0x0891f4bc: 08440f98 00409ed0 00000000 0040a004 ..D...@.......@.
0x0891f4cc: 00000000 0042b958 00000000 00000000 ....X.B.........
0x0891f4dc: 00000000 00000038 00000053 000000c4 ....8...S.......
0x0891f4ec: 0000002b 00629fa8 04aa3510 0040626c +.....b..5..lb@.
0x0891f4fc: 00000000 00619e88 0891f730 0891f78c ......a.0.......
0x0891f50c: 76d3a882 0042bb94 00000216 003c74ec ...v..B......t<.
0x0891f51c: fffffd34 003c74f4 fffffd34 0042bb6c 4....t<.4...l.B.
0x0891f52c: 00000024 0042bb74 000089fc 0042bb7c $...t.B.....|.B.
0x0891f53c: 006a0000 0042bb90 00000000 0000001c ..j...B.........
0x0891f54c: 80000000 00000000 00000000 00000000 ................
0x0891f55c: 00000000 0042b410 00000000 00619f14 ......B.......a.
0x0891f56c: 00000000 00409d7c 00000000 0063c3e0 ....|.@.......c.
0x0891f57c: 00000000 0063c3f4 006a0000 0063c3fc ......c...j...c.
0x0891f58c: 06822000 006a0000 06822008 0891f700 . ....j.. ......
0x0891f59c: 77337a72 00619b48 06822008 0063c3ec rz3wH.a.. ....c.
0x0891f5ac: 77337447 9f6e7414 00040020 006a0000 Gt3w.tn. .....j.
0x0891f5bc: 00040013 00619b50 0000ffff 00408430 ....P.a.....0.@.
0x0891f5cc: 00000000 004097c4 00000000 00000000 ......@.........
0x0891f5dc: 00000000 00000000 00000000 fb0007fc ................
0x0891f5ec: 00000000 00000000 00007808 00000000 .........x......
0x0891f5fc: 00000000 00619eb8 00000000 00000734 ......a.....4...
0x0891f60c: 00000000 00556f04 00000000 000007bc .....oU.........
0x0891f61c: 006a00c0 000008ac 00000000 000006c0 ..j.............
0x0891f62c: 0000002b 00629fb0 0000002b 0000002b +.....b.+...+...
0x0891f63c: 00000008 006a0000 04aa3510 00000000 ......j..5......
0x0891f64c: 00000000 00d85800 00000000 77360970 .....X......p.6w
0x0891f65c: 006a00c0 000e6f30 0063c3ec 0063c3e0 ..j.0o....c...c.
0x0891f66c: 0000027f 00040020 00000000 00000000 .... ...........
0x0891f67c: 00619ea4 000000c4 00409768 0100ff01 ..a.....h.@.....
0x0891f68c: 0063c42c 00000000 00619f20 00409904 ,.c..... .a...@.
0x0891f69c: 00000000 0042bb74 00217e98 06822000 ....t.B..~!.. ..
0x0891f6ac: 00217e90 06822008 004061fc fffffffe .~!.. ...a@.....
0x0891f6bc: 004061f8 00000000 03000201 00000158 .a@.........X...
0x0891f6cc: 0042ba80 00000000 0042ba78 003c74f4 ..B.....x.B..t<.
0x0891f6dc: 00000000 0042bb7c 06810088 00000000 ....|.B.........
0x0891f6ec: 00000000 004061d0 773667b0 e0c101cc .....a@..g6w....
0x0891f6fc: fffffffe 0891f740 77335c95 00040013 ....@....\3w....
0x0891f70c: 00040020 00000000 04aa3510 00d85800  ........5...X..
0x0891f71c: 0891f78c 76d3a875 0891f78c 000e6eb4 ....u..v.....n..
0x0891f72c: 0891f730 00409900 00000000 00000000 0.....@.........
0x0891f73c: 76d3a882 00409ed4 00001000 003c74f0 ...v..@......t<.
0x0891f74c: 0000295c 0042bb70 0891f774 0042bb78 \)..p.B.t...x.B.
0x0891f75c: 006a0000 0042bb80 00040013 0063c3f8 ..j...B.......c.
0x0891f76c: 0000000f 00000013 0891f78c 012e93e4 ................
0x0891f77c: 00040013 04aa3500 00000104 00000068 .....5......h...
0x0891f78c: 0000006c 00000000 07432320 00000000 l....... #C.....
0x0891f79c: 00000000 00000900 00000001 00000001 ................
0x0891f7ac: 00e7f900 00001000 00000101 5f63b040 ............@.c_
0x0891f7bc: 04fb9430 0042bb94 0891f7e4 01274fde 0.....B......O'.
0x0891f7cc: 0741dcc0 00d85800 04fb9430 04aa3510 ..A..X..0....5..
0x0891f7dc: 0126de17 04aa3510 0891f7fc 00d8582f ..&..5....../X..
0x0891f7ec: 04fb9430 04aa3510 00d85800 00d85800 0....5...X...X..
0x0891f7fc: 0891f810 75e962c4 04aa3510 75e962a0 .....b.u.5...b.u
0x0891f80c: 578b87ce 0891f858 77350fd9 04aa3510 ...WX.....5w.5..
0x0891f81c: 9f6e7b4c 00000000 00000000 04aa3510 L{n..........5..
0x0891f82c: c0000005 00000000 0891e1cc 76dbd2e0 ...............v
0x0891f83c: 9f6e7b4c 0891f81c 0891e1cc 0891f860 L{n.........`...
0x0891f84c: 773667b0 e0c10404 00000000 0891f868 .g6w........h...
0x0891f85c: 77350fa4 ffffffff 77372ed2 00000000 ..5w......7w....
0x0891f86c: 00000000 00d85800 04aa3510 00000000 .....X...5......
0x0891f87c: 00000000 00000000 00000000 00000000 ................
0x0891f88c: 00000000 00000000 00000000 00000000 ................
0x0891f89c: 00000000 00000000 00000000 00000000 ................
0x0891f8ac: 00000000 00000000 00000000 00000000 ................
0x0891f8bc: 00000000 00000000 00000000 00000000 ................
0x0891f8cc: 00000000 00000000 00000000 00000000 ................
0x0891f8dc: 00000000 00000000 00000000 00000000 ................
0x0891f8ec: 00000000 00000000 00000000 00000000 ................
0x0891f8fc: 00000000 00000000 00000000 00000000 ................
0x0891f90c: 00000000 00000000 00000000 00000000 ................
0x0891f91c: 00000000 00000000 00000000 00000000 ................
0x0891f92c: 00000000 00000000 00000000 00000000 ................
0x0891f93c: 00000000 00000000 00000000 00000000 ................
0x0891f94c: 00000000 00000000 00000000 00000000 ................
0x0891f95c: 00000000 00000000 00000000 00000000 ................
0x0891f96c: 00000000 00000000 00000000 00000000 ................
0x0891f97c: 00000000 00000000 00000000 00000000 ................
0x0891f98c: 00000000 00000000 00000000 00000000 ................
0x0891f99c: 00000000 00000000 00000000 00000000 ................
0x0891f9ac: 00000000 00000000 00000000 00000000 ................
0x0891f9bc: 00000000 00000000 00000000 00000000 ................
0x0891f9cc: 00000000 00000000 00000000 00000000 ................
0x0891f9dc: 00000000 00000000 00000000 00000000 ................
0x0891f9ec: 00000000 00000000 00000000 00000000 ................
0x0891f9fc: 00000000 00000000 00000000 00000000 ................
0x0891fa0c: 00000000 00000000 00000000 00000000 ................
0x0891fa1c: 00000000 00000000 00000000 00000000 ................
0x0891fa2c: 00000000 00000000 00000000 00000000 ................
0x0891fa3c: 00000000 00000000 00000000 00000000 ................
0x0891fa4c: 00000000 00000000 00000000 00000000 ................
0x0891fa5c: 00000000 00000000 00000000 00000000 ................
0x0891fa6c: 00000000 00000000 00000000 00000000 ................
0x0891fa7c: 00000000 00000000 00000000 00000000 ................
0x0891fa8c: 00000000 00000000 00000000 00000000 ................
0x0891fa9c: 00000000 00000000 00000000 00000000 ................
0x0891faac: 00000000 00000000 00000000 00000000 ................
0x0891fabc: 00000000 00000000 00000000 00000000 ................
0x0891facc: 00000000 00000000 00000000 00000000 ................
0x0891fadc: 00000000 00000000 00000000 00000000 ................
0x0891faec: 00000000 00000000 00000000 00000000 ................
0x0891fafc: 00000000 00000000 00000000 00000000 ................
0x0891fb0c: 00000000 00000000 00000000 00000000 ................
0x0891fb1c: 00000000 00000000 00000000 00000000 ................
0x0891fb2c: 00000000 00000000 00000000 00000000 ................
0x0891fb3c: 00000000 00000000 00000000 00000000 ................
0x0891fb4c: 00000000 00000000 00000000 00000000 ................
0x0891fb5c: 00000000 00000000 00000000 00000000 ................
0x0891fb6c: 00000000 00000000 00000000 00000000 ................
0x0891fb7c: 00000000 00000000 00000000 00000000 ................
0x0891fb8c: 00000000 00000000 00000000 00000000 ................
0x0891fb9c: 00000000 00000000 00000000 00000000 ................
0x0891fbac: 00000000 00000000 00000000 00000000 ................
0x0891fbbc: 00000000 00000000 00000000 00000000 ................
0x0891fbcc: 00000000 00000000 00000000 00000000 ................
0x0891fbdc: 00000000 00000000 00000000 00000000 ................
0x0891fbec: 00000000 00000000 00000000 00000000 ................
0x0891fbfc: 00000000 00000000 00000000 00000000 ................
0x0891fc0c: 00000000 00000000 00000000 00000000 ................
0x0891fc1c: 00000000 00000000 00000000 00000000 ................
0x0891fc2c: 00000000 00000000 00000000 00000000 ................
0x0891fc3c: 00000000 00000000 00000000 00000000 ................
0x0891fc4c: 00000000 00000000 00000000 00000000 ................
0x0891fc5c: 00000000 00000000 00000000 00000000 ................
0x0891fc6c: 00000000 00000000 00000000 00000000 ................
0x0891fc7c: 00000000 00000000 00000000 00000000 ................
0x0891fc8c: 00000000 00000000 00000000 00000000 ................
0x0891fc9c: 00000000 00000000 00000000 00000000 ................
0x0891fcac: 00000000 00000000 00000000 00000000 ................
0x0891fcbc: 00000000 00000000 00000000 00000000 ................
0x0891fccc: 00000000 00000000 00000000 00000000 ................
0x0891fcdc: 00000000 00000000 00000000 00000000 ................
0x0891fcec: 00000000 00000000 00000000 00000000 ................
0x0891fcfc: 00000000 00000000 00000000 00000000 ................
0x0891fd0c: 00000000 00000000 00000000 00000000 ................
0x0891fd1c: 00000000 00000000 00000000 00000000 ................
0x0891fd2c: 00000000 00000000 00000000 00000000 ................
0x0891fd3c: 00000000 00000000 00000000 00000000 ................
0x0891fd4c: 00000000 00000000 00000000 00000000 ................
0x0891fd5c: 00000000 00000000 00000000 00000000 ................
0x0891fd6c: 00000000 00000000 00000000 00000000 ................
0x0891fd7c: 00000000 00000000 00000000 00000000 ................
0x0891fd8c: 00000000 00000000 00000000 00000000 ................
0x0891fd9c: 00000000 00000000 00000000 00000000 ................
0x0891fdac: 00000000 00000000 00000000 00000000 ................
0x0891fdbc: 00000000 00000000 00000000 00000000 ................
0x0891fdcc: 00000000 00000000 00000000 00000000 ................
0x0891fddc: 00000000 00000000 00000000 00000000 ................
0x0891fdec: 00000000 00000000 00000000 00000000 ................
0x0891fdfc: 00000000 00000000 00000000 00000000 ................
0x0891fe0c: 00000000 00000000 00000000 00000000 ................
0x0891fe1c: 00000000 00000000 00000000 00000000 ................
0x0891fe2c: 00000000 00000000 00000000 00000000 ................
0x0891fe3c: 00000000 00000000 00000000 00000000 ................
0x0891fe4c: 00000000 00000000 00000000 00000000 ................
0x0891fe5c: 00000000 00000000 00000000 00000000 ................
0x0891fe6c: 00000000 00000000 00000000 00000000 ................
0x0891fe7c: 00000000 00000000 00000000 00000000 ................
0x0891fe8c: 00000000 00000000 00000000 00000000 ................
0x0891fe9c: 00000000 00000000 00000000 00000000 ................
0x0891feac: 00000000 00000000 00000000 00000000 ................
0x0891febc: 00000000 00000000 00000000 00000000 ................
0x0891fecc: 00000000 00000000 00000000 00000000 ................
0x0891fedc: 00000000 00000000 00000000 00000000 ................
0x0891feec: 00000000 00000000 00000000 00000000 ................
0x0891fefc: 00000000 00000000 00000000 00000000 ................
0x0891ff0c: 00000000 00000000 00000000 00000000 ................
0x0891ff1c: 00000000 00000000 00000000 00000000 ................
0x0891ff2c: 00000000 00000000 00000000 00000000 ................
0x0891ff3c: 00000000 00000000 00000000 00000000 ................
0x0891ff4c: 00000000 00000000 00000000 00000000 ................
0x0891ff5c: 00000000 00000000 00000000 00000000 ................
0x0891ff6c: 00000000 00000000 00000000 00000000 ................
0x0891ff7c: 00000000 00000000 00000000 00000000 ................
0x0891ff8c: 00000000 00000000 00000000 00000000 ................
0x0891ff9c: 00000000 00000000 00000000 00000000 ................
0x0891ffac: 00000000 00000000 00000000 00000000 ................
0x0891ffbc: 00000000 00000000 00000000 00000000 ................
0x0891ffcc: 00000000 00000000 00000000 00000000 ................
0x0891ffdc: 00000000 00000000 00000000 00000000 ................
0x0891ffec: 00000000 00000000 00000000 00000000 ................
0x0891fffc: 00000000                            ....

Module 1
F:\Steam Games\steamapps\common\SimAirport\SimAirport.exe
Image Base: 0x00b60000  Image Size: 0x0122e000
File Size:  18200576    File Time:  2017-03-31_141942
Version:
   Company:    
   Product:    
   FileDesc:   
   FileVer:    5.5.0.46319
   ProdVer:    5.5.0.46319

Module 2
C:\Windows\SYSTEM32\XAudio2_9.dll
Image Base: 0x053c0000  Image Size: 0x00090000
File Size:  563712      File Time:  2016-07-16_124250
Version:
   Company:    Microsoft Corporation
   Product:    Microsoft® Windows® Operating System
   FileDesc:   XAudio2 Game Audio API
   FileVer:    10.0.14393.0
   ProdVer:    10.0.14393.0

Module 3
C:\Windows\System32\MSASN1.dll
Image Base: 0x05e90000  Image Size: 0x0000e000
File Size:  49080       File Time:  2016-07-16_124256
Version:
   Company:    Microsoft Corporation
   Product:    Microsoft® Windows® Operating System
   FileDesc:   ASN.1 Runtime APIs
   FileVer:    10.0.14393.0
   ProdVer:    10.0.14393.0

Module 4
C:\Program Files (x86)\Steam\gameoverlayrenderer.dll
Image Base: 0x0fac0000  Image Size: 0x00125000
File Size:  1093408     File Time:  2017-03-23_015226
Version:
   Company:    Valve Corporation
   Product:    Steam Game Overlay Renderer
   FileDesc:   Steam Game Overlay Renderer
   FileVer:    3.89.14.2
   ProdVer:    1.0.0.1

Module 5
F:\Steam Games\steamapps\common\SimAirport\SimAirport_Data\Mono\mono.dll
Image Base: 0x10000000  Image Size: 0x00231000
File Size:  2115008     File Time:  2017-03-31_141952
Version:
   Company:    Unity Technologies
   Product:    libmono
   FileDesc:   Unity Technologies fork of mono runtime
   FileVer:    1.0.0.1
   ProdVer:    1.0.0.1

Module 6
C:\Windows\SYSTEM32\xinput1_3.dll
Image Base: 0x00400000  Image Size: 0x00016000
File Size:  81768       File Time:  2007-04-04_195342
Version:
   Company:    Microsoft Corporation
   Product:    Microsoft® DirectX for Windows®
   FileDesc:   Microsoft Common Controller API
   FileVer:    9.18.944.0
   ProdVer:    9.18.944.0

Module 7
F:\Steam Games\steamapps\common\SimAirport\SimAirport_Data\Plugins\CSteamworks.dll
Image Base: 0x12a90000  Image Size: 0x00025000
File Size:  132608      File Time:  2017-03-31_141952
Version:
   Company:    Riley Labrecque
   Product:    CSteamworks
   FileDesc:   A C ABI wrapper for Steamworks
   FileVer:    1.24.0.0
   ProdVer:    1.24.0.0

Module 8
F:\Steam Games\steamapps\common\SimAirport\steam_api.dll
Image Base: 0x12ac0000  Image Size: 0x00031000
File Size:  186560      File Time:  2017-03-31_142002
Version:
   Company:    Valve Corporation
   Product:    Steam Client API
   FileDesc:   Steam Client API
   FileVer:    2.89.45.4
   ProdVer:    1.0.0.1

Module 9
F:\Steam Games\steamapps\common\SimAirport\SimAirport_Data\Plugins\AkSoundEngine.dll
Image Base: 0x12b30000  Image Size: 0x0015e000
File Size:  1406976     File Time:  2017-03-31_141946
Version:
   Company:    
   Product:    
   FileDesc:   
   FileVer:    0.0.0.0
   ProdVer:    0.0.0.0

Module 10
C:\Windows\SYSTEM32\icm32.dll
Image Base: 0x3fa20000  Image Size: 0x0003d000
File Size:  230912      File Time:  2017-03-04_072218
Version:
   Company:    Microsoft Corporation
   Product:    Microsoft® Windows® Operating System
   FileDesc:   Microsoft Color Management Module (CMM)
   FileVer:    10.0.14393.953
   ProdVer:    10.0.14393.953

Module 11
C:\Windows\SYSTEM32\dbgcore.DLL
Image Base: 0x3fc20000  Image Size: 0x00025000
File Size:  135680      File Time:  2016-07-16_124258
Version:
   Company:    Microsoft
   Product:    Microsoft® Windows® Operating System
   FileDesc:   Windows Core Debugging Helpers
   FileVer:    10.0.14321.1024
   ProdVer:    10.0.14321.1024

Module 12
C:\Program Files (x86)\Steam\Steam2.dll
Image Base: 0x400c0000  Image Size: 0x002c1000
File Size:  2882984     File Time:  2014-02-14_030424
Version:
   Company:    Valve Corporation
   Product:    Steam
   FileDesc:   Steam Client Engine
   FileVer:    2.0.2117.156
   ProdVer:    1.0.0.0

Module 13
C:\Program Files (x86)\Steam\steamclient.dll
Image Base: 0x38000000  Image Size: 0x00a97000
File Size:  10909984    File Time:  2017-03-23_015232
Version:
   Company:    Valve Corporation
   Product:    Steam
   FileDesc:   Steamclient.dll
   FileVer:    3.89.14.2
   ProdVer:    3.0.0.1

Module 14
C:\Program Files (x86)\Steam\steam.dll
Image Base: 0x50630000  Image Size: 0x0013d000
File Size:  383776      File Time:  2017-03-23_015228
Version:
   Company:    
   Product:    
   FileDesc:   
   FileVer:    0.0.0.0
   ProdVer:    0.0.0.0

Module 15
C:\Windows\System32\DriverStore\FileRepository\nv_dispi.inf_amd64_f37f8f12da8b10d7\nvwgf2um.dll
Image Base: 0x524f0000  Image Size: 0x01424000
File Size:  20769264    File Time:  2017-03-17_020106
Version:
   Company:    NVIDIA Corporation
   Product:    NVIDIA D3D10 drivers
   FileDesc:   NVIDIA D3D10 Driver, Version 378.92 
   FileVer:    21.21.13.7892
   ProdVer:    21.21.13.7892

Module 16
C:\Windows\SYSTEM32\DbgHelp.dll
Image Base: 0x5e4d0000  Image Size: 0x00145000
File Size:  1220608     File Time:  2016-07-16_124258
Version:
   Company:    Microsoft
   Product:    Microsoft® Windows® Operating System
   FileDesc:   Windows Image Helper
   FileVer:    10.0.14321.1024
   ProdVer:    10.0.14321.1024

Module 17
C:\Program Files (x86)\Steam\CSERHelper.dll
Image Base: 0x60000000  Image Size: 0x00021000
File Size:  122864      File Time:  2008-11-12_184356
Version:
   Company:    Valve
   Product:    CSER Helper
   FileDesc:   Debug Helper Routines
   FileVer:    4.50.0.0
   ProdVer:    4.50.0.0

Module 18
C:\Windows\SYSTEM32\DDRAW.dll
Image Base: 0x62bc0000  Image Size: 0x000ed000
File Size:  548352      File Time:  2017-03-04_071812
Version:
   Company:    Microsoft Corporation
   Product:    Microsoft® Windows® Operating System
   FileDesc:   Microsoft DirectDraw
   FileVer:    10.0.14393.953
   ProdVer:    10.0.14393.953

Module 19
C:\Windows\SYSTEM32\mscms.dll
Image Base: 0x64790000  Image Size: 0x00085000
File Size:  526336      File Time:  2017-03-04_071640
Version:
   Company:    Microsoft Corporation
   Product:    Microsoft® Windows® Operating System
   FileDesc:   Microsoft Colour Matching System DLL
   FileVer:    10.0.14393.953
   ProdVer:    10.0.14393.953

Module 20
C:\Program Files (x86)\Steam\tier0_s.dll
Image Base: 0x64e90000  Image Size: 0x00117000
File Size:  282400      File Time:  2017-03-23_015232
Version:
   Company:    Valve Corporation
   Product:     tier0_s Dynamic Link Library
   FileDesc:   tier0_s Dynamic Link Library
   FileVer:    3.89.14.2
   ProdVer:    1.0.0.1

Module 21
C:\Windows\SYSTEM32\OPENGL32.dll
Image Base: 0x65260000  Image Size: 0x000e0000
File Size:  786944      File Time:  2016-07-16_124306
Version:
   Company:    Microsoft Corporation
   Product:    Microsoft® Windows® Operating System
   FileDesc:   OpenGL Client DLL
   FileVer:    10.0.14393.0
   ProdVer:    10.0.14393.0

Module 22
C:\Windows\SYSTEM32\d3d11.dll
Image Base: 0x655a0000  Image Size: 0x00230000
File Size:  2277288     File Time:  2017-03-04_075414
Version:
   Company:    Microsoft Corporation
   Product:    Microsoft® Windows® Operating System
   FileDesc:   Direct3D 11 Runtime
   FileVer:    10.0.14393.953
   ProdVer:    10.0.14393.953

Module 23
C:\Windows\SYSTEM32\HID.DLL
Image Base: 0x66550000  Image Size: 0x0000a000
File Size:  25600       File Time:  2016-07-16_124250
Version:
   Company:    Microsoft Corporation
   Product:    Microsoft® Windows® Operating System
   FileDesc:   HID User Library
   FileVer:    10.0.14393.0
   ProdVer:    10.0.14393.0

Module 24
C:\Windows\SYSTEM32\Secur32.dll
Image Base: 0x67d80000  Image Size: 0x0000a000
File Size:  23552       File Time:  2016-07-16_124302
Version:
   Company:    Microsoft Corporation
   Product:    Microsoft® Windows® Operating System
   FileDesc:   Security Support Provider Interface
   FileVer:    10.0.14393.0
   ProdVer:    10.0.14393.0

Module 25
C:\Windows\SYSTEM32\dxgi.dll
Image Base: 0x68680000  Image Size: 0x00083000
File Size:  524776      File Time:  2017-03-04_075404
Version:
   Company:    Microsoft Corporation
   Product:    Microsoft® Windows® Operating System
   FileDesc:   DirectX Graphics Infrastructure
   FileVer:    10.0.14393.953
   ProdVer:    10.0.14393.953

Module 26
C:\Windows\system32\nvapi.dll
Image Base: 0x68710000  Image Size: 0x003a5000
File Size:  3597456     File Time:  2017-03-17_020106
Version:
   Company:    NVIDIA Corporation
   Product:    NVIDIA Windows drivers
   FileDesc:   NVIDIA NVAPI Library, Version 378.92 
   FileVer:    21.21.13.7892
   ProdVer:    21.21.13.7892

Module 27
C:\Windows\system32\nvspcap.dll
Image Base: 0x68ae0000  Image Size: 0x00168000
File Size:  1468864     File Time:  2017-02-23_193522
Version:
   Company:    NVIDIA Corporation
   Product:    NVIDIA GeForce Experience
   FileDesc:   NVIDIA Capture Server Proxy
   FileVer:    3.4.0.70
   ProdVer:    3.4.0.70

Module 28
C:\Windows\SYSTEM32\wintypes.dll
Image Base: 0x6ce30000  Image Size: 0x000cf000
File Size:  846560      File Time:  2017-03-04_075046
Version:
   Company:    Microsoft Corporation
   Product:    Microsoft® Windows® Operating System
   FileDesc:   Windows Base Types DLL
   FileVer:    10.0.14393.953
   ProdVer:    10.0.14393.953

Module 29
C:\Windows\SYSTEM32\AUDIOSES.DLL
Image Base: 0x6cf00000  Image Size: 0x0007b000
File Size:  484584      File Time:  2017-03-04_085742
Version:
   Company:    Microsoft Corporation
   Product:    Microsoft® Windows® Operating System
   FileDesc:   Audio Session
   FileVer:    10.0.14393.953
   ProdVer:    10.0.14393.953

Module 30
C:\Windows\SYSTEM32\AVRT.dll
Image Base: 0x6cf80000  Image Size: 0x00009000
File Size:  29448       File Time:  2016-07-16_124250
Version:
   Company:    Microsoft Corporation
   Product:    Microsoft® Windows® Operating System
   FileDesc:   Multimedia Realtime Runtime
   FileVer:    10.0.14393.0
   ProdVer:    10.0.14393.0

Module 31
C:\Windows\System32\MMDevApi.dll
Image Base: 0x6cfd0000  Image Size: 0x00058000
File Size:  352760      File Time:  2017-03-04_074734
Version:
   Company:    Microsoft Corporation
   Product:    Microsoft® Windows® Operating System
   FileDesc:   MMDevice API
   FileVer:    10.0.14393.953
   ProdVer:    10.0.14393.953

Module 32
C:\Windows\SYSTEM32\dhcpcsvc.DLL
Image Base: 0x6d070000  Image Size: 0x00014000
File Size:  63488       File Time:  2016-07-16_124256
Version:
   Company:    Microsoft Corporation
   Product:    Microsoft® Windows® Operating System
   FileDesc:   DHCP Client Service
   FileVer:    10.0.14393.0
   ProdVer:    10.0.14393.0

Module 33
C:\Windows\SYSTEM32\dhcpcsvc6.DLL
Image Base: 0x6d090000  Image Size: 0x00013000
File Size:  57344       File Time:  2016-07-16_124256
Version:
   Company:    Microsoft Corporation
   Product:    Microsoft® Windows® Operating System
   FileDesc:   DHCPv6 Client
   FileVer:    10.0.14393.0
   ProdVer:    10.0.14393.0

Module 34
C:\Windows\System32\fwpuclnt.dll
Image Base: 0x6d1b0000  Image Size: 0x00049000
File Size:  279040      File Time:  2016-07-16_124256
Version:
   Company:    Microsoft Corporation
   Product:    Microsoft® Windows® Operating System
   FileDesc:   FWP/IPsec User-Mode API
   FileVer:    10.0.14393.0
   ProdVer:    10.0.14393.0

Module 35
C:\Windows\System32\rasadhlp.dll
Image Base: 0x6d200000  Image Size: 0x00008000
File Size:  13312       File Time:  2016-07-16_124302
Version:
   Company:    Microsoft Corporation
   Product:    Microsoft® Windows® Operating System
   FileDesc:   Remote Access AutoDial Helper
   FileVer:    10.0.14393.0
   ProdVer:    10.0.14393.0

Module 36
C:\Windows\system32\wbem\fastprox.dll
Image Base: 0x6d340000  Image Size: 0x000c2000
File Size:  779776      File Time:  2016-07-16_124258
Version:
   Company:    Microsoft Corporation
   Product:    Microsoft® Windows® Operating System
   FileDesc:   WMI Custom Marshaller
   FileVer:    10.0.14393.0
   ProdVer:    10.0.14393.0

Module 37
C:\Windows\system32\wbem\wbemsvc.dll
Image Base: 0x6d410000  Image Size: 0x00010000
File Size:  48640       File Time:  2016-07-16_124258
Version:
   Company:    Microsoft Corporation
   Product:    Microsoft® Windows® Operating System
   FileDesc:   WMI
   FileVer:    10.0.14393.0
   ProdVer:    10.0.14393.0

Module 38
C:\Windows\System32\PROPSYS.dll
Image Base: 0x6ee30000  Image Size: 0x0014f000
File Size:  1375456     File Time:  2016-07-16_124256
Version:
   Company:    Microsoft Corporation
   Product:    Windows® Search
   FileDesc:   Microsoft Property System
   FileVer:    7.0.14393.0
   ProdVer:    7.0.14393.0

Module 39
C:\Windows\SYSTEM32\WINHTTP.dll
Image Base: 0x70240000  Image Size: 0x000a0000
File Size:  636928      File Time:  2017-03-04_071630
Version:
   Company:    Microsoft Corporation
   Product:    Microsoft® Windows® Operating System
   FileDesc:   Windows HTTP Services
   FileVer:    10.0.14393.953
   ProdVer:    10.0.14393.953

Module 40
C:\Windows\system32\rsaenh.dll
Image Base: 0x70420000  Image Size: 0x0002f000
File Size:  184416      File Time:  2016-07-16_124256
Version:
   Company:    Microsoft Corporation
   Product:    Microsoft® Windows® Operating System
   FileDesc:   Microsoft Enhanced Cryptographic Provider
   FileVer:    10.0.14393.0
   ProdVer:    10.0.14393.0

Module 41
C:\Windows\SYSTEM32\CRYPTSP.dll
Image Base: 0x70450000  Image Size: 0x00013000
File Size:  68720       File Time:  2016-07-16_124256
Version:
   Company:    Microsoft Corporation
   Product:    Microsoft® Windows® Operating System
   FileDesc:   Cryptographic Service Provider API
   FileVer:    10.0.14393.0
   ProdVer:    10.0.14393.0

Module 42
C:\Windows\SYSTEM32\MSWSOCK.dll
Image Base: 0x704c0000  Image Size: 0x0004e000
File Size:  306016      File Time:  2016-07-16_124256
Version:
   Company:    Microsoft Corporation
   Product:    Microsoft® Windows® Operating System
   FileDesc:   Microsoft Windows Sockets 2.0 Service Provider
   FileVer:    10.0.14393.0
   ProdVer:    10.0.14393.0

Module 43
C:\Windows\SYSTEM32\wbemcomn.dll
Image Base: 0x70520000  Image Size: 0x00067000
File Size:  391168      File Time:  2016-07-16_124258
Version:
   Company:    Microsoft Corporation
   Product:    Microsoft® Windows® Operating System
   FileDesc:   WMI
   FileVer:    10.0.14393.0
   ProdVer:    10.0.14393.0

Module 44
C:\Windows\system32\wbem\wbemprox.dll
Image Base: 0x70590000  Image Size: 0x0000d000
File Size:  35328       File Time:  2016-07-16_124258
Version:
   Company:    Microsoft Corporation
   Product:    Microsoft® Windows® Operating System
   FileDesc:   WMI
   FileVer:    10.0.14393.0
   ProdVer:    10.0.14393.0

Module 45
C:\Windows\SYSTEM32\DNSAPI.dll
Image Base: 0x70810000  Image Size: 0x0007d000
File Size:  497416      File Time:  2017-03-04_080934
Version:
   Company:    Microsoft Corporation
   Product:    Microsoft® Windows® Operating System
   FileDesc:   DNS Client API DLL
   FileVer:    10.0.14393.953
   ProdVer:    10.0.14393.953

Module 46
C:\Windows\SYSTEM32\IPHLPAPI.DLL
Image Base: 0x71150000  Image Size: 0x0002f000
File Size:  184416      File Time:  2017-03-04_080254
Version:
   Company:    Microsoft Corporation
   Product:    Microsoft® Windows® Operating System
   FileDesc:   IP Helper API
   FileVer:    10.0.14393.953
   ProdVer:    10.0.14393.953

Module 47
C:\Windows\SYSTEM32\WTSAPI32.dll
Image Base: 0x72bc0000  Image Size: 0x0000f000
File Size:  53216       File Time:  2016-07-16_124306
Version:
   Company:    Microsoft Corporation
   Product:    Microsoft® Windows® Operating System
   FileDesc:   Windows Remote Desktop Session Host Server SDK APIs
   FileVer:    10.0.14393.0
   ProdVer:    10.0.14393.0

Module 48
C:\Windows\SYSTEM32\USERENV.dll
Image Base: 0x72bd0000  Image Size: 0x0001a000
File Size:  94568       File Time:  2016-07-16_124256
Version:
   Company:    Microsoft Corporation
   Product:    Microsoft® Windows® Operating System
   FileDesc:   Userenv
   FileVer:    10.0.14393.0
   ProdVer:    10.0.14393.0

Module 49
C:\Windows\SYSTEM32\VERSION.dll
Image Base: 0x72f20000  Image Size: 0x00008000
File Size:  27360       File Time:  2016-07-16_124306
Version:
   Company:    Microsoft Corporation
   Product:    Microsoft® Windows® Operating System
   FileDesc:   Version Checking and File Installation Libraries
   FileVer:    10.0.14393.0
   ProdVer:    10.0.14393.0

Module 50
C:\Windows\SYSTEM32\GLU32.dll
Image Base: 0x72f30000  Image Size: 0x00025000
File Size:  141312      File Time:  2016-07-16_124306
Version:
   Company:    Microsoft Corporation
   Product:    Microsoft® Windows® Operating System
   FileDesc:   OpenGL Utility Library DLL
   FileVer:    10.0.14393.0
   ProdVer:    10.0.14393.0

Module 51
C:\Windows\SYSTEM32\DEVOBJ.dll
Image Base: 0x733a0000  Image Size: 0x00022000
File Size:  132232      File Time:  2016-07-16_124256
Version:
   Company:    Microsoft Corporation
   Product:    Microsoft® Windows® Operating System
   FileDesc:   Device Information Set DLL
   FileVer:    10.0.14393.0
   ProdVer:    10.0.14393.0

Module 52
C:\Windows\SYSTEM32\ntmarta.dll
Image Base: 0x733d0000  Image Size: 0x00028000
File Size:  154432      File Time:  2016-07-16_124256
Version:
   Company:    Microsoft Corporation
   Product:    Microsoft® Windows® Operating System
   FileDesc:   Windows NT MARTA provider
   FileVer:    10.0.14393.0
   ProdVer:    10.0.14393.0

Module 53
C:\Windows\SYSTEM32\bcrypt.dll
Image Base: 0x73420000  Image Size: 0x0001b000
File Size:  106896      File Time:  2016-12-09_110100
Version:
   Company:    Microsoft Corporation
   Product:    Microsoft® Windows® Operating System
   FileDesc:   Windows Cryptographic Primitives Library
   FileVer:    10.0.14393.576
   ProdVer:    10.0.14393.576

Module 54
C:\Windows\SYSTEM32\WINMMBASE.dll
Image Base: 0x73600000  Image Size: 0x00023000
File Size:  131208      File Time:  2016-07-16_124250
Version:
   Company:    Microsoft Corporation
   Product:    Microsoft® Windows® Operating System
   FileDesc:   Base Multimedia Extension API DLL
   FileVer:    10.0.14393.0
   ProdVer:    10.0.14393.0

Module 55
C:\Windows\SYSTEM32\WINMM.dll
Image Base: 0x736d0000  Image Size: 0x00024000
File Size:  135376      File Time:  2016-07-16_124250
Version:
   Company:    Microsoft Corporation
   Product:    Microsoft® Windows® Operating System
   FileDesc:   MCI API DLL
   FileVer:    10.0.14393.0
   ProdVer:    10.0.14393.0

Module 56
C:\Program Files (x86)\Steam\vstdlib_s.dll
Image Base: 0x73710000  Image Size: 0x00057000
File Size:  284960      File Time:  2017-03-23_015234
Version:
   Company:    Valve Corporation
   Product:    Steam
   FileDesc:   vstdlib_ s.dll
   FileVer:    3.89.14.2
   ProdVer:    3.0.0.1

Module 57
C:\Windows\system32\dwmapi.dll
Image Base: 0x73770000  Image Size: 0x0001f000
File Size:  113504      File Time:  2016-09-15_181352
Version:
   Company:    Microsoft Corporation
   Product:    Microsoft® Windows® Operating System
   FileDesc:   Microsoft Desktop Window Manager API
   FileVer:    10.0.14393.206
   ProdVer:    10.0.14393.206

Module 58
C:\Windows\SYSTEM32\DCIMAN32.dll
Image Base: 0x737d0000  Image Size: 0x00007000
File Size:  11776       File Time:  2016-07-16_124250
Version:
   Company:    Microsoft Corporation
   Product:    Microsoft® Windows® Operating System
   FileDesc:   DCI Manager
   FileVer:    10.0.14393.0
   ProdVer:    10.0.14393.0

Module 59
C:\Windows\system32\uxtheme.dll
Image Base: 0x73bb0000  Image Size: 0x00075000
File Size:  457728      File Time:  2016-07-16_124306
Version:
   Company:    Microsoft Corporation
   Product:    Microsoft® Windows® Operating System
   FileDesc:   Microsoft UxTheme Library
   FileVer:    10.0.14393.0
   ProdVer:    10.0.14393.0

Module 60
C:\Windows\System32\CRYPTBASE.dll
Image Base: 0x73da0000  Image Size: 0x0000a000
File Size:  31528       File Time:  2016-07-16_124250
Version:
   Company:    Microsoft Corporation
   Product:    Microsoft® Windows® Operating System
   FileDesc:   Base cryptographic API DLL
   FileVer:    10.0.14393.0
   ProdVer:    10.0.14393.0

Module 61
C:\Windows\System32\SspiCli.dll
Image Base: 0x73db0000  Image Size: 0x0001e000
File Size:  117240      File Time:  2016-12-09_105110
Version:
   Company:    Microsoft Corporation
   Product:    Microsoft® Windows® Operating System
   FileDesc:   Security Support Provider Interface
   FileVer:    10.0.14393.576
   ProdVer:    10.0.14393.576

Module 62
C:\Windows\System32\SHELL32.dll
Image Base: 0x73dd0000  Image Size: 0x013d9000
File Size:  20969928    File Time:  2017-03-04_074726
Version:
   Company:    Microsoft Corporation
   Product:    Microsoft® Windows® Operating System
   FileDesc:   Windows Shell Common Dll
   FileVer:    10.0.14393.953
   ProdVer:    10.0.14393.953

Module 63
C:\Windows\System32\GDI32.dll
Image Base: 0x751b0000  Image Size: 0x0002b000
File Size:  170960      File Time:  2016-09-15_182320
Version:
   Company:    Microsoft Corporation
   Product:    Microsoft® Windows® Operating System
   FileDesc:   GDI Client DLL
   FileVer:    10.0.14393.206
   ProdVer:    10.0.14393.206

Module 64
C:\Windows\System32\ADVAPI32.dll
Image Base: 0x751e0000  Image Size: 0x00077000
File Size:  482392      File Time:  2016-07-16_124250
Version:
   Company:    Microsoft Corporation
   Product:    Microsoft® Windows® Operating System
   FileDesc:   Advanced Windows 32 Base API
   FileVer:    10.0.14393.0
   ProdVer:    10.0.14393.0

Module 65
C:\Windows\System32\IMM32.dll
Image Base: 0x75430000  Image Size: 0x00025000
File Size:  144632      File Time:  2016-07-16_124250
Version:
   Company:    Microsoft Corporation
   Product:    Microsoft® Windows® Operating System
   FileDesc:   Multi-User Windows IMM32 API Client DLL
   FileVer:    10.0.14393.0
   ProdVer:    10.0.14393.0

Module 66
C:\Windows\System32\WINTRUST.dll
Image Base: 0x75500000  Image Size: 0x00044000
File Size:  272720      File Time:  2017-03-04_075204
Version:
   Company:    Microsoft Corporation
   Product:    Microsoft® Windows® Operating System
   FileDesc:   Microsoft Trust Verification APIs
   FileVer:    10.0.14393.953
   ProdVer:    10.0.14393.953

Module 67
C:\Windows\System32\SETUPAPI.dll
Image Base: 0x75550000  Image Size: 0x0040b000
File Size:  4268368     File Time:  2016-07-16_124246
Version:
   Company:    Microsoft Corporation
   Product:    Microsoft® Windows® Operating System
   FileDesc:   Windows Setup API
   FileVer:    10.0.14393.0
   ProdVer:    10.0.14393.0

Module 68
C:\Windows\System32\SHLWAPI.dll
Image Base: 0x75960000  Image Size: 0x00046000
File Size:  284056      File Time:  2016-07-16_124304
Version:
   Company:    Microsoft Corporation
   Product:    Microsoft® Windows® Operating System
   FileDesc:   Shell Light-weight Utility Library
   FileVer:    10.0.14393.0
   ProdVer:    10.0.14393.0

Module 69
C:\Windows\System32\ole32.dll
Image Base: 0x759b0000  Image Size: 0x000ea000
File Size:  959112      File Time:  2016-12-09_105616
Version:
   Company:    Microsoft Corporation
   Product:    Microsoft® Windows® Operating System
   FileDesc:   Microsoft OLE for Windows
   FileVer:    10.0.14393.576
   ProdVer:    10.0.14393.576

Module 70
C:\Windows\System32\ucrtbase.dll
Image Base: 0x75aa0000  Image Size: 0x000e0000
File Size:  918304      File Time:  2016-07-16_124256
Version:
   Company:    Microsoft Corporation
   Product:    Microsoft® Windows® Operating System
   FileDesc:   Microsoft® C Runtime Library
   FileVer:    10.0.14393.0
   ProdVer:    10.0.14393.0

Module 71
C:\Windows\System32\RPCRT4.dll
Image Base: 0x75b80000  Image Size: 0x000c1000
File Size:  790760      File Time:  2016-08-06_051746
Version:
   Company:    Microsoft Corporation
   Product:    Microsoft® Windows® Operating System
   FileDesc:   Remote Procedure Call Runtime
   FileVer:    10.0.14393.82
   ProdVer:    10.0.14393.82

Module 72
C:\Windows\System32\msvcp_win.dll
Image Base: 0x75c50000  Image Size: 0x0007b000
File Size:  498408      File Time:  2016-07-16_124256
Version:
   Company:    Microsoft Corporation
   Product:    Microsoft® Windows® Operating System
   FileDesc:   Microsoft® C Runtime Library
   FileVer:    10.0.14393.0
   ProdVer:    10.0.14393.0

Module 73
C:\Windows\System32\cfgmgr32.dll
Image Base: 0x75cd0000  Image Size: 0x00036000
File Size:  213848      File Time:  2016-07-16_124256
Version:
   Company:    Microsoft Corporation
   Product:    Microsoft® Windows® Operating System
   FileDesc:   Configuration Manager DLL
   FileVer:    10.0.14393.0
   ProdVer:    10.0.14393.0

Module 74
C:\Windows\System32\profapi.dll
Image Base: 0x75e00000  Image Size: 0x0000f000
File Size:  54752       File Time:  2016-07-16_124250
Version:
   Company:    Microsoft Corporation
   Product:    Microsoft® Windows® Operating System
   FileDesc:   User Profile Basic API
   FileVer:    10.0.14393.0
   ProdVer:    10.0.14393.0

Module 75
C:\Windows\System32\WS2_32.dll
Image Base: 0x75e10000  Image Size: 0x00063000
File Size:  402352      File Time:  2016-09-15_183706
Version:
   Company:    Microsoft Corporation
   Product:    Microsoft® Windows® Operating System
   FileDesc:   Windows Socket 2.0 32-Bit DLL
   FileVer:    10.0.14393.206
   ProdVer:    10.0.14393.206

Module 76
C:\Windows\System32\KERNEL32.DLL
Image Base: 0x75e80000  Image Size: 0x000e0000
File Size:  616048      File Time:  2016-07-16_124246
Version:
   Company:    Microsoft Corporation
   Product:    Microsoft® Windows® Operating System
   FileDesc:   Windows NT BASE API Client DLL
   FileVer:    10.0.14393.0
   ProdVer:    10.0.14393.0

Module 77
C:\Windows\System32\kernel.appcore.dll
Image Base: 0x75f60000  Image Size: 0x0000d000
File Size:  43416       File Time:  2016-07-16_124256
Version:
   Company:    Microsoft Corporation
   Product:    Microsoft® Windows® Operating System
   FileDesc:   AppModel API Host
   FileVer:    10.0.14393.0
   ProdVer:    10.0.14393.0

Module 78
C:\Windows\System32\imagehlp.dll
Image Base: 0x75f70000  Image Size: 0x00019000
File Size:  93984       File Time:  2016-07-16_124228
Version:
   Company:    Microsoft Corporation
   Product:    Microsoft® Windows® Operating System
   FileDesc:   Windows NT Image Helper
   FileVer:    10.0.14393.0
   ProdVer:    10.0.14393.0

Module 79
C:\Windows\System32\shcore.dll
Image Base: 0x75ff0000  Image Size: 0x00088000
File Size:  549088      File Time:  2017-03-04_075300
Version:
   Company:    Microsoft Corporation
   Product:    Microsoft® Windows® Operating System
   FileDesc:   SHCORE
   FileVer:    10.0.14393.953
   ProdVer:    10.0.14393.953

Module 80
C:\Windows\System32\MSCTF.dll
Image Base: 0x76080000  Image Size: 0x00135000
File Size:  1260784     File Time:  2017-03-04_074230
Version:
   Company:    Microsoft Corporation
   Product:    Microsoft® Windows® Operating System
   FileDesc:   MSCTF Server DLL
   FileVer:    10.0.14393.953
   ProdVer:    10.0.14393.953

Module 81
C:\Windows\System32\windows.storage.dll
Image Base: 0x761c0000  Image Size: 0x0056e000
File Size:  5722320     File Time:  2017-03-04_075320
Version:
   Company:    Microsoft Corporation
   Product:    Microsoft® Windows® Operating System
   FileDesc:   Microsoft WinRT Storage API
   FileVer:    10.0.14393.953
   ProdVer:    10.0.14393.953

Module 82
C:\Windows\System32\USER32.dll
Image Base: 0x76730000  Image Size: 0x0015f000
File Size:  1435896     File Time:  2016-12-09_105222
Version:
   Company:    Microsoft Corporation
   Product:    Microsoft® Windows® Operating System
   FileDesc:   Multi-User Windows USER API Client DLL
   FileVer:    10.0.14393.576
   ProdVer:    10.0.14393.576

Module 83
C:\Windows\System32\PSAPI.DLL
Image Base: 0x76890000  Image Size: 0x00006000
File Size:  17048       File Time:  2016-07-16_124246
Version:
   Company:    Microsoft Corporation
   Product:    Microsoft® Windows® Operating System
   FileDesc:   Process Status Helper
   FileVer:    10.0.14393.0
   ProdVer:    10.0.14393.0

Module 84
C:\Windows\System32\CRYPT32.dll
Image Base: 0x768a0000  Image Size: 0x0017d000
File Size:  1556712     File Time:  2016-10-15_051840
Version:
   Company:    Microsoft Corporation
   Product:    Microsoft® Windows® Operating System
   FileDesc:   Crypto API32
   FileVer:    10.0.14393.351
   ProdVer:    10.0.14393.351

Module 85
C:\Windows\System32\OLEAUT32.dll
Image Base: 0x76a20000  Image Size: 0x00094000
File Size:  601712      File Time:  2016-11-02_122300
Version:
   Company:    Microsoft Corporation
   Product:    Microsoft® Windows® Operating System
   FileDesc:   OLEAUT32.DLL
   FileVer:    10.0.14393.447
   ProdVer:    10.0.14393.447

Module 86
C:\Windows\System32\win32u.dll
Image Base: 0x76ac0000  Image Size: 0x00015000
File Size:  79536       File Time:  2016-08-02_054722
Version:
   Company:    Microsoft Corporation
   Product:    Microsoft® Windows® Operating System
   FileDesc:   Win32u
   FileVer:    10.0.14393.51
   ProdVer:    10.0.14393.51

Module 87
C:\Windows\System32\msvcrt.dll
Image Base: 0x76ae0000  Image Size: 0x000be000
File Size:  773168      File Time:  2016-07-16_124250
Version:
   Company:    Microsoft Corporation
   Product:    Microsoft® Windows® Operating System
   FileDesc:   Windows NT CRT DLL
   FileVer:    7.0.14393.0
   ProdVer:    10.0.14393.0

Module 88
C:\Windows\System32\sechost.dll
Image Base: 0x76ba0000  Image Size: 0x00041000
File Size:  255168      File Time:  2016-07-16_124250
Version:
   Company:    Microsoft Corporation
   Product:    Microsoft® Windows® Operating System
   FileDesc:   Host for SCM/SDDL/LSA Lookup APIs
   FileVer:    10.0.14393.0
   ProdVer:    10.0.14393.0

Module 89
C:\Windows\System32\NSI.dll
Image Base: 0x76c00000  Image Size: 0x00007000
File Size:  20152       File Time:  2016-07-16_124228
Version:
   Company:    Microsoft Corporation
   Product:    Microsoft® Windows® Operating System
   FileDesc:   NSI User-mode interface DLL
   FileVer:    10.0.14393.0
   ProdVer:    10.0.14393.0

Module 90
C:\Windows\System32\powrprof.dll
Image Base: 0x76c10000  Image Size: 0x00045000
File Size:  275832      File Time:  2016-07-16_124256
Version:
   Company:    Microsoft Corporation
   Product:    Microsoft® Windows® Operating System
   FileDesc:   Power Profile Helper DLL
   FileVer:    10.0.14393.0
   ProdVer:    10.0.14393.0

Module 91
C:\Windows\System32\KERNELBASE.dll
Image Base: 0x76c60000  Image Size: 0x001a1000
File Size:  1706488     File Time:  2017-03-04_080638
Version:
   Company:    Microsoft Corporation
   Product:    Microsoft® Windows® Operating System
   FileDesc:   Windows NT BASE API Client DLL
   FileVer:    10.0.14393.953
   ProdVer:    10.0.14393.953

Module 92
C:\Windows\System32\bcryptPrimitives.dll
Image Base: 0x76e80000  Image Size: 0x0005a000
File Size:  367208      File Time:  2016-07-16_124228
Version:
   Company:    Microsoft Corporation
   Product:    Microsoft® Windows® Operating System
   FileDesc:   Windows Cryptographic Primitives Library
   FileVer:    10.0.14393.0
   ProdVer:    10.0.14393.0

Module 93
C:\Windows\System32\clbcatq.dll
Image Base: 0x76ee0000  Image Size: 0x00084000
File Size:  528360      File Time:  2016-07-16_124248
Version:
   Company:    Microsoft Corporation
   Product:    Microsoft® Windows® Operating System
   FileDesc:   COM+ Configuration Catalog
   FileVer:    2001.12.10941.16384
   ProdVer:    10.0.14393.0

Module 94
C:\Windows\System32\combase.dll
Image Base: 0x76f70000  Image Size: 0x00211000
File Size:  2166752     File Time:  2016-12-09_105926
Version:
   Company:    Microsoft Corporation
   Product:    Microsoft® Windows® Operating System
   FileDesc:   Microsoft COM for Windows
   FileVer:    10.0.14393.576
   ProdVer:    10.0.14393.576

Module 95
C:\Windows\System32\gdi32full.dll
Image Base: 0x77190000  Image Size: 0x0015b000
File Size:  1415240     File Time:  2017-03-04_074240
Version:
   Company:    Microsoft Corporation
   Product:    Microsoft® Windows® Operating System
   FileDesc:   GDI Client DLL
   FileVer:    10.0.14393.953
   ProdVer:    10.0.14393.953

Module 96
C:\Windows\SYSTEM32\ntdll.dll
Image Base: 0x772f0000  Image Size: 0x00183000
File Size:  1572768     File Time:  2016-11-11_090000
Version:
   Company:    Microsoft Corporation
   Product:    Microsoft® Windows® Operating System
   FileDesc:   NT Layer DLL
   FileVer:    10.0.14393.479
   ProdVer:    10.0.14393.479


== [end of error.log] ==
